============================= test session starts =============================
platform win32 -- Python 3.14.5, pytest-7.4.3, pluggy-1.6.0
rootdir: D:\Informatica\Year2_Sem2\MDS\mdsProject\University-Grade-Calculator\server
configfile: pytest.ini
plugins: anyio-3.7.1, asyncio-0.21.1, cov-4.1.0
asyncio: mode=Mode.STRICT
collected 1 item

server\tests\test_leaderboard.py .                                       [100%]

============================== warnings summary ===============================
server\schemas.py:25
  D:\Informatica\Year2_Sem2\MDS\mdsProject\University-Grade-Calculator\server\schemas.py:25: PydanticDeprecatedSince20: Support for class-based `config` is deprecated, use ConfigDict instead. Deprecated in Pydantic V2.0 to be removed in V3.0. See Pydantic V2 Migration Guide at https://errors.pydantic.dev/2.13/migration/
    class UserResponse(BaseModel):

server\schemas.py:45
  D:\Informatica\Year2_Sem2\MDS\mdsProject\University-Grade-Calculator\server\schemas.py:45: PydanticDeprecatedSince20: Support for class-based `config` is deprecated, use ConfigDict instead. Deprecated in Pydantic V2.0 to be removed in V3.0. See Pydantic V2 Migration Guide at https://errors.pydantic.dev/2.13/migration/
    class UniversityResponse(BaseModel):

server\schemas.py:53
  D:\Informatica\Year2_Sem2\MDS\mdsProject\University-Grade-Calculator\server\schemas.py:53: PydanticDeprecatedSince20: Support for class-based `config` is deprecated, use ConfigDict instead. Deprecated in Pydantic V2.0 to be removed in V3.0. See Pydantic V2 Migration Guide at https://errors.pydantic.dev/2.13/migration/
    class MajorResponse(BaseModel):

server\schemas.py:62
  D:\Informatica\Year2_Sem2\MDS\mdsProject\University-Grade-Calculator\server\schemas.py:62: PydanticDeprecatedSince20: Support for class-based `config` is deprecated, use ConfigDict instead. Deprecated in Pydantic V2.0 to be removed in V3.0. See Pydantic V2 Migration Guide at https://errors.pydantic.dev/2.13/migration/
    class SemesterResponse(BaseModel):

server\schemas.py:80
  D:\Informatica\Year2_Sem2\MDS\mdsProject\University-Grade-Calculator\server\schemas.py:80: PydanticDeprecatedSince20: Support for class-based `config` is deprecated, use ConfigDict instead. Deprecated in Pydantic V2.0 to be removed in V3.0. See Pydantic V2 Migration Guide at https://errors.pydantic.dev/2.13/migration/
    class SubjectResponse(BaseModel):

server\schemas.py:94
  D:\Informatica\Year2_Sem2\MDS\mdsProject\University-Grade-Calculator\server\schemas.py:94: PydanticDeprecatedSince20: Support for class-based `config` is deprecated, use ConfigDict instead. Deprecated in Pydantic V2.0 to be removed in V3.0. See Pydantic V2 Migration Guide at https://errors.pydantic.dev/2.13/migration/
    class AcademicYearResponse(BaseModel):

server\schemas.py:115
  D:\Informatica\Year2_Sem2\MDS\mdsProject\University-Grade-Calculator\server\schemas.py:115: PydanticDeprecatedSince20: Support for class-based `config` is deprecated, use ConfigDict instead. Deprecated in Pydantic V2.0 to be removed in V3.0. See Pydantic V2 Migration Guide at https://errors.pydantic.dev/2.13/migration/
    class GradeResponse(BaseModel):

server\schemas.py:123
  D:\Informatica\Year2_Sem2\MDS\mdsProject\University-Grade-Calculator\server\schemas.py:123: PydanticDeprecatedSince20: Support for class-based `config` is deprecated, use ConfigDict instead. Deprecated in Pydantic V2.0 to be removed in V3.0. See Pydantic V2 Migration Guide at https://errors.pydantic.dev/2.13/migration/
    class AssessmentResponse(BaseModel):

C:\Users\User\AppData\Local\Programs\Python\Python314\Lib\site-packages\fastapi\routing.py:211: 29 warnings
  C:\Users\User\AppData\Local\Programs\Python\Python314\Lib\site-packages\fastapi\routing.py:211: DeprecationWarning: 'asyncio.iscoroutinefunction' is deprecated and slated for removal in Python 3.16; use inspect.iscoroutinefunction() instead
    is_coroutine = asyncio.iscoroutinefunction(dependant.call)

C:\Users\User\AppData\Local\Programs\Python\Python314\Lib\site-packages\starlette\_utils.py:17: 33 warnings
tests/test_leaderboard.py: 1 warning
  C:\Users\User\AppData\Local\Programs\Python\Python314\Lib\site-packages\starlette\_utils.py:17: DeprecationWarning: 'asyncio.iscoroutinefunction' is deprecated and slated for removal in Python 3.16; use inspect.iscoroutinefunction() instead
    return asyncio.iscoroutinefunction(obj) or (

C:\Users\User\AppData\Local\Programs\Python\Python314\Lib\site-packages\pytest_asyncio\plugin.py:156: 111 warnings
  C:\Users\User\AppData\Local\Programs\Python\Python314\Lib\site-packages\pytest_asyncio\plugin.py:156: DeprecationWarning: 'asyncio.iscoroutinefunction' is deprecated and slated for removal in Python 3.16; use inspect.iscoroutinefunction() instead
    return asyncio.iscoroutinefunction(obj)

tests/test_leaderboard.py::TestLeaderboardSorting::test_credits_break_tie_on_average
  C:\Users\User\AppData\Local\Programs\Python\Python314\Lib\site-packages\starlette\_utils.py:18: DeprecationWarning: 'asyncio.iscoroutinefunction' is deprecated and slated for removal in Python 3.16; use inspect.iscoroutinefunction() instead
    callable(obj) and asyncio.iscoroutinefunction(obj.__call__)

tests/test_leaderboard.py::TestLeaderboardSorting::test_credits_break_tie_on_average
tests/test_leaderboard.py::TestLeaderboardSorting::test_credits_break_tie_on_average
  C:\Users\User\AppData\Local\Programs\Python\Python314\Lib\site-packages\sqlalchemy\sql\schema.py:3594: DeprecationWarning: datetime.datetime.utcnow() is deprecated and scheduled for removal in a future version. Use timezone-aware objects to represent datetimes in UTC: datetime.datetime.now(datetime.UTC).
    return util.wrap_callable(lambda ctx: fn(), fn)  # type: ignore

tests/test_leaderboard.py::TestLeaderboardSorting::test_credits_break_tie_on_average
tests/test_leaderboard.py::TestLeaderboardSorting::test_credits_break_tie_on_average
  D:\Informatica\Year2_Sem2\MDS\mdsProject\University-Grade-Calculator\server\services\auth_service.py:101: PydanticDeprecatedSince20: The `from_orm` method is deprecated; set `model_config['from_attributes']=True` and use `model_validate` instead. Deprecated in Pydantic V2.0 to be removed in V3.0. See Pydantic V2 Migration Guide at https://errors.pydantic.dev/2.13/migration/
    return UserResponse.from_orm(user)

tests/test_leaderboard.py::TestLeaderboardSorting::test_credits_break_tie_on_average
tests/test_leaderboard.py::TestLeaderboardSorting::test_credits_break_tie_on_average
  D:\Informatica\Year2_Sem2\MDS\mdsProject\University-Grade-Calculator\server\services\auth_service.py:25: DeprecationWarning: datetime.datetime.utcnow() is deprecated and scheduled for removal in a future version. Use timezone-aware objects to represent datetimes in UTC: datetime.datetime.now(datetime.UTC).
    "exp": datetime.utcnow()

tests/test_leaderboard.py::TestLeaderboardSorting::test_credits_break_tie_on_average
tests/test_leaderboard.py::TestLeaderboardSorting::test_credits_break_tie_on_average
tests/test_leaderboard.py::TestLeaderboardSorting::test_credits_break_tie_on_average
  D:\Informatica\Year2_Sem2\MDS\mdsProject\University-Grade-Calculator\server\services\subject_service.py:67: PydanticDeprecatedSince20: The `from_orm` method is deprecated; set `model_config['from_attributes']=True` and use `model_validate` instead. Deprecated in Pydantic V2.0 to be removed in V3.0. See Pydantic V2 Migration Guide at https://errors.pydantic.dev/2.13/migration/
    return SubjectResponse.from_orm(subject)

tests/test_leaderboard.py::TestLeaderboardSorting::test_credits_break_tie_on_average
tests/test_leaderboard.py::TestLeaderboardSorting::test_credits_break_tie_on_average
tests/test_leaderboard.py::TestLeaderboardSorting::test_credits_break_tie_on_average
  D:\Informatica\Year2_Sem2\MDS\mdsProject\University-Grade-Calculator\server\services\subject_service.py:117: PydanticDeprecatedSince20: The `from_orm` method is deprecated; set `model_config['from_attributes']=True` and use `model_validate` instead. Deprecated in Pydantic V2.0 to be removed in V3.0. See Pydantic V2 Migration Guide at https://errors.pydantic.dev/2.13/migration/
    return AssessmentResponse.from_orm(assessment)

-- Docs: https://docs.pytest.org/en/stable/how-to/capture-warnings.html

---------- coverage: platform win32, python 3.14.5-final-0 -----------
Name                                     Stmts   Miss  Cover   Missing
----------------------------------------------------------------------
main.py                                     43     43     0%   1-77
server\config.py                             7      0   100%
server\database.py                          11      4    64%   12-16
server\dependencies.py                      22      6    73%   17, 23-28, 35, 39
server\main.py                              67     31    54%   31-53, 83-122, 127, 132, 136-138
server\models.py                            73      0   100%
server\routers\__init__.py                   0      0   100%
server\routers\assessments.py               20     10    50%   21-41
server\routers\auth.py                      39     22    44%   25-26, 31-36, 45-61
server\routers\leaderboard.py               21      7    67%   27-35, 53, 61-64
server\routers\profile.py                   35     12    66%   22-39, 69, 74
server\routers\subjects.py                  19      7    63%   23-36, 44-45
server\schemas.py                           66      0   100%
server\services\__init__.py                  0      0   100%
server\services\auth_service.py             56     10    82%   19, 36, 38-39, 54, 70, 105-112
server\services\leaderboard_service.py     103     19    82%   21, 24, 27, 34, 37, 46, 49, 125, 130, 149, 174-182, 191
server\services\subject_service.py          39      4    90%   30-37, 50
server\tests\__init__.py                     0      0   100%
server\tests\conftest.py                    57      7    88%   20, 62, 97-100, 109
server\tests\test_leaderboard.py           215    151    30%   14, 48-68, 91, 94, 97, 100-101, 104, 111-112, 115-121, 126-136, 141-170, 173-203, 210-213, 216-223, 226-239, 242-252, 255-266, 273-282, 285-293, 296-311, 318-339, 346-354, 357-371, 378-386, 405-411
----------------------------------------------------------------------
TOTAL                                      893    333    63%
Coverage HTML written to dir htmlcov

FAIL Required test coverage of 70% not reached. Total coverage: 62.71%
======================= 1 passed, 195 warnings in 1.35s =======================
